<?xml version="1.0" encoding="UTF-8"?>
<!-- Generated by org.testng.reporters.JUnitXMLReporter -->
<testsuite ignored="0" hostname="DESKTOP-ALVIBGB" failures="0" tests="8" name="Test" time="101.45" errors="0" timestamp="2021-09-11T17:00:30 EET">
  <testcase classname="tests.SignUpTest" name="signUpSuccessfully" time="23.201"/>
  <testcase classname="tests.SignUpTest" name="signUpSuccessfully" time="12.531"/>
  <testcase classname="tests.SignUpTest" name="signUpSuccessfully" time="12.904"/>
  <testcase classname="tests.SignUpTest" name="signUpSuccessfully" time="13.02"/>
  <testcase classname="tests.SignUpTest" name="signUpFailled" time="12.745"/>
  <testcase classname="tests.SignUpTest" name="signUpFailled" time="10.191"/>
  <testcase classname="tests.SignUpTest" name="signUpFailled" time="6.973"/>
  <testcase classname="tests.SignUpTest" name="signUpFailled" time="8.536"/>
</testsuite> <!-- Test -->
