<?xml version="1.0" encoding="UTF-8"?>
<testng-results ignored="0" total="8" passed="8" failed="0" skipped="0">
  <reporter-output>
  </reporter-output>
  <suite started-at="2021-09-11T16:58:49 EET" name="Suite" finished-at="2021-09-11T17:00:30 EET" duration-ms="101450">
    <groups>
    </groups>
    <test started-at="2021-09-11T16:58:49 EET" name="Test" finished-at="2021-09-11T17:00:30 EET" duration-ms="101450">
      <class name="tests.SignUpTest">
        <test-method is-config="true" signature="startDriver(java.lang.String)[pri:0, instance:tests.SignUpTest@71def8f8]" started-at="2021-09-11T16:58:33 EET" name="startDriver" finished-at="2021-09-11T16:58:49 EET" duration-ms="15437" status="PASS">
          <params>
            <param index="0">
              <value>
                <![CDATA[chrome]]>
              </value>
            </param>
          </params>
          <reporter-output>
          </reporter-output>
        </test-method> <!-- startDriver -->
        <test-method signature="signUpSuccessfully(java.lang.String, java.lang.String, java.lang.String, java.lang.String, java.lang.String, java.lang.String, java.lang.String, java.lang.String, java.lang.String, java.lang.String)[pri:1, instance:tests.SignUpTest@71def8f8]" started-at="2021-09-11T16:58:50 EET" name="signUpSuccessfully" data-provider="DataSheet0" finished-at="2021-09-11T16:59:13 EET" duration-ms="23201" status="PASS">
          <params>
            <param index="0">
              <value>
                <![CDATA[FirstTC]]>
              </value>
            </param>
            <param index="1">
              <value>
                <![CDATA[FirstUser]]>
              </value>
            </param>
            <param index="2">
              <value>
                <![CDATA[1Pass1234]]>
              </value>
            </param>
            <param index="3">
              <value>
                <![CDATA[Mike]]>
              </value>
            </param>
            <param index="4">
              <value>
                <![CDATA[James]]>
              </value>
            </param>
            <param index="5">
              <value>
                <![CDATA[8664 Main St.]]>
              </value>
            </param>
            <param index="6">
              <value>
                <![CDATA[Antioch]]>
              </value>
            </param>
            <param index="7">
              <value>
                <![CDATA[Colorado]]>
              </value>
            </param>
            <param index="8">
              <value>
                <![CDATA[99524]]>
              </value>
            </param>
            <param index="9">
              <value>
                <![CDATA[(401)437-3360]]>
              </value>
            </param>
          </params>
          <reporter-output>
          </reporter-output>
        </test-method> <!-- signUpSuccessfully -->
        <test-method is-config="true" signature="TakeScreenShotOnFailur(org.testng.ITestResult)[pri:0, instance:tests.SignUpTest@71def8f8]" started-at="2021-09-11T16:59:13 EET" name="TakeScreenShotOnFailur" finished-at="2021-09-11T16:59:13 EET" duration-ms="2" status="PASS">
          <params>
            <param index="0">
              <value>
                <![CDATA[[TestResult name=signUpSuccessfully status=SUCCESS method=SignUpTest.signUpSuccessfully(java.lang.String, java.lang.String, java.lang.String, java.lang.String, java.lang.String, java.lang.String, java.lang.String, java.lang.String, java.lang.String, java.lang.String)[pri:1, instance:tests.SignUpTest@71def8f8] output={null}]]]>
              </value>
            </param>
          </params>
          <reporter-output>
          </reporter-output>
        </test-method> <!-- TakeScreenShotOnFailur -->
        <test-method signature="signUpSuccessfully(java.lang.String, java.lang.String, java.lang.String, java.lang.String, java.lang.String, java.lang.String, java.lang.String, java.lang.String, java.lang.String, java.lang.String)[pri:1, instance:tests.SignUpTest@71def8f8]" started-at="2021-09-11T16:59:13 EET" name="signUpSuccessfully" data-provider="DataSheet0" finished-at="2021-09-11T16:59:26 EET" duration-ms="12531" status="PASS">
          <params>
            <param index="0">
              <value>
                <![CDATA[SecondTC]]>
              </value>
            </param>
            <param index="1">
              <value>
                <![CDATA[SecondUser]]>
              </value>
            </param>
            <param index="2">
              <value>
                <![CDATA[2Pass1234]]>
              </value>
            </param>
            <param index="3">
              <value>
                <![CDATA[John]]>
              </value>
            </param>
            <param index="4">
              <value>
                <![CDATA[Robert]]>
              </value>
            </param>
            <param index="5">
              <value>
                <![CDATA[62 Oakland St.]]>
              </value>
            </param>
            <param index="6">
              <value>
                <![CDATA[Hephzibah]]>
              </value>
            </param>
            <param index="7">
              <value>
                <![CDATA[Hawaii]]>
              </value>
            </param>
            <param index="8">
              <value>
                <![CDATA[72217]]>
              </value>
            </param>
            <param index="9">
              <value>
                <![CDATA[(267)745-8580]]>
              </value>
            </param>
          </params>
          <reporter-output>
          </reporter-output>
        </test-method> <!-- signUpSuccessfully -->
        <test-method is-config="true" signature="TakeScreenShotOnFailur(org.testng.ITestResult)[pri:0, instance:tests.SignUpTest@71def8f8]" started-at="2021-09-11T16:59:26 EET" name="TakeScreenShotOnFailur" finished-at="2021-09-11T16:59:26 EET" duration-ms="0" status="PASS">
          <params>
            <param index="0">
              <value>
                <![CDATA[[TestResult name=signUpSuccessfully status=SUCCESS method=SignUpTest.signUpSuccessfully(java.lang.String, java.lang.String, java.lang.String, java.lang.String, java.lang.String, java.lang.String, java.lang.String, java.lang.String, java.lang.String, java.lang.String)[pri:1, instance:tests.SignUpTest@71def8f8] output={null}]]]>
              </value>
            </param>
          </params>
          <reporter-output>
          </reporter-output>
        </test-method> <!-- TakeScreenShotOnFailur -->
        <test-method signature="signUpSuccessfully(java.lang.String, java.lang.String, java.lang.String, java.lang.String, java.lang.String, java.lang.String, java.lang.String, java.lang.String, java.lang.String, java.lang.String)[pri:1, instance:tests.SignUpTest@71def8f8]" started-at="2021-09-11T16:59:26 EET" name="signUpSuccessfully" data-provider="DataSheet0" finished-at="2021-09-11T16:59:39 EET" duration-ms="12904" status="PASS">
          <params>
            <param index="0">
              <value>
                <![CDATA[ThirdTC]]>
              </value>
            </param>
            <param index="1">
              <value>
                <![CDATA[ThirdUser]]>
              </value>
            </param>
            <param index="2">
              <value>
                <![CDATA[3Pass1234]]>
              </value>
            </param>
            <param index="3">
              <value>
                <![CDATA[Ahmed]]>
              </value>
            </param>
            <param index="4">
              <value>
                <![CDATA[Mohamed]]>
              </value>
            </param>
            <param index="5">
              <value>
                <![CDATA[7958 Sycamore St.]]>
              </value>
            </param>
            <param index="6">
              <value>
                <![CDATA[West Haven]]>
              </value>
            </param>
            <param index="7">
              <value>
                <![CDATA[Indiana]]>
              </value>
            </param>
            <param index="8">
              <value>
                <![CDATA[80201]]>
              </value>
            </param>
            <param index="9">
              <value>
                <![CDATA[(319)334-7296]]>
              </value>
            </param>
          </params>
          <reporter-output>
          </reporter-output>
        </test-method> <!-- signUpSuccessfully -->
        <test-method is-config="true" signature="TakeScreenShotOnFailur(org.testng.ITestResult)[pri:0, instance:tests.SignUpTest@71def8f8]" started-at="2021-09-11T16:59:39 EET" name="TakeScreenShotOnFailur" finished-at="2021-09-11T16:59:39 EET" duration-ms="0" status="PASS">
          <params>
            <param index="0">
              <value>
                <![CDATA[[TestResult name=signUpSuccessfully status=SUCCESS method=SignUpTest.signUpSuccessfully(java.lang.String, java.lang.String, java.lang.String, java.lang.String, java.lang.String, java.lang.String, java.lang.String, java.lang.String, java.lang.String, java.lang.String)[pri:1, instance:tests.SignUpTest@71def8f8] output={null}]]]>
              </value>
            </param>
          </params>
          <reporter-output>
          </reporter-output>
        </test-method> <!-- TakeScreenShotOnFailur -->
        <test-method signature="signUpSuccessfully(java.lang.String, java.lang.String, java.lang.String, java.lang.String, java.lang.String, java.lang.String, java.lang.String, java.lang.String, java.lang.String, java.lang.String)[pri:1, instance:tests.SignUpTest@71def8f8]" started-at="2021-09-11T16:59:39 EET" name="signUpSuccessfully" data-provider="DataSheet0" finished-at="2021-09-11T16:59:52 EET" duration-ms="13020" status="PASS">
          <params>
            <param index="0">
              <value>
                <![CDATA[FourthTC]]>
              </value>
            </param>
            <param index="1">
              <value>
                <![CDATA[FourthUser]]>
              </value>
            </param>
            <param index="2">
              <value>
                <![CDATA[4Pass1234]]>
              </value>
            </param>
            <param index="3">
              <value>
                <![CDATA[Patricia]]>
              </value>
            </param>
            <param index="4">
              <value>
                <![CDATA[Michael]]>
              </value>
            </param>
            <param index="5">
              <value>
                <![CDATA[22 Hillside St.]]>
              </value>
            </param>
            <param index="6">
              <value>
                <![CDATA[Ithaca]]>
              </value>
            </param>
            <param index="7">
              <value>
                <![CDATA[Louisiana]]>
              </value>
            </param>
            <param index="8">
              <value>
                <![CDATA[83254]]>
              </value>
            </param>
            <param index="9">
              <value>
                <![CDATA[(662)277-9637]]>
              </value>
            </param>
          </params>
          <reporter-output>
          </reporter-output>
        </test-method> <!-- signUpSuccessfully -->
        <test-method is-config="true" signature="TakeScreenShotOnFailur(org.testng.ITestResult)[pri:0, instance:tests.SignUpTest@71def8f8]" started-at="2021-09-11T16:59:52 EET" name="TakeScreenShotOnFailur" finished-at="2021-09-11T16:59:52 EET" duration-ms="1" status="PASS">
          <params>
            <param index="0">
              <value>
                <![CDATA[[TestResult name=signUpSuccessfully status=SUCCESS method=SignUpTest.signUpSuccessfully(java.lang.String, java.lang.String, java.lang.String, java.lang.String, java.lang.String, java.lang.String, java.lang.String, java.lang.String, java.lang.String, java.lang.String)[pri:1, instance:tests.SignUpTest@71def8f8] output={null}]]]>
              </value>
            </param>
          </params>
          <reporter-output>
          </reporter-output>
        </test-method> <!-- TakeScreenShotOnFailur -->
        <test-method signature="signUpFailled(java.lang.String, java.lang.String, java.lang.String, java.lang.String, java.lang.String, java.lang.String, java.lang.String, java.lang.String, java.lang.String, java.lang.String)[pri:2, instance:tests.SignUpTest@71def8f8]" started-at="2021-09-11T16:59:52 EET" name="signUpFailled" data-provider="DataSheet1" finished-at="2021-09-11T17:00:04 EET" duration-ms="12745" status="PASS">
          <params>
            <param index="0">
              <value>
                <![CDATA[]]>
              </value>
            </param>
            <param index="1">
              <value>
                <![CDATA[]]>
              </value>
            </param>
            <param index="2">
              <value>
                <![CDATA[]]>
              </value>
            </param>
            <param index="3">
              <value>
                <![CDATA[]]>
              </value>
            </param>
            <param index="4">
              <value>
                <![CDATA[]]>
              </value>
            </param>
            <param index="5">
              <value>
                <![CDATA[]]>
              </value>
            </param>
            <param index="6">
              <value>
                <![CDATA[]]>
              </value>
            </param>
            <param index="7">
              <value>
                <![CDATA[Colorado]]>
              </value>
            </param>
            <param index="8">
              <value>
                <![CDATA[]]>
              </value>
            </param>
            <param index="9">
              <value>
                <![CDATA[]]>
              </value>
            </param>
          </params>
          <reporter-output>
          </reporter-output>
        </test-method> <!-- signUpFailled -->
        <test-method is-config="true" signature="TakeScreenShotOnFailur(org.testng.ITestResult)[pri:0, instance:tests.SignUpTest@71def8f8]" started-at="2021-09-11T17:00:04 EET" name="TakeScreenShotOnFailur" finished-at="2021-09-11T17:00:04 EET" duration-ms="2" status="PASS">
          <params>
            <param index="0">
              <value>
                <![CDATA[[TestResult name=signUpFailled status=SUCCESS method=SignUpTest.signUpFailled(java.lang.String, java.lang.String, java.lang.String, java.lang.String, java.lang.String, java.lang.String, java.lang.String, java.lang.String, java.lang.String, java.lang.String)[pri:2, instance:tests.SignUpTest@71def8f8] output={null}]]]>
              </value>
            </param>
          </params>
          <reporter-output>
          </reporter-output>
        </test-method> <!-- TakeScreenShotOnFailur -->
        <test-method signature="signUpFailled(java.lang.String, java.lang.String, java.lang.String, java.lang.String, java.lang.String, java.lang.String, java.lang.String, java.lang.String, java.lang.String, java.lang.String)[pri:2, instance:tests.SignUpTest@71def8f8]" started-at="2021-09-11T17:00:04 EET" name="signUpFailled" data-provider="DataSheet1" finished-at="2021-09-11T17:00:15 EET" duration-ms="10191" status="PASS">
          <params>
            <param index="0">
              <value>
                <![CDATA[]]>
              </value>
            </param>
            <param index="1">
              <value>
                <![CDATA[]]>
              </value>
            </param>
            <param index="2">
              <value>
                <![CDATA[]]>
              </value>
            </param>
            <param index="3">
              <value>
                <![CDATA[]]>
              </value>
            </param>
            <param index="4">
              <value>
                <![CDATA[]]>
              </value>
            </param>
            <param index="5">
              <value>
                <![CDATA[]]>
              </value>
            </param>
            <param index="6">
              <value>
                <![CDATA[]]>
              </value>
            </param>
            <param index="7">
              <value>
                <![CDATA[Hawaii]]>
              </value>
            </param>
            <param index="8">
              <value>
                <![CDATA[]]>
              </value>
            </param>
            <param index="9">
              <value>
                <![CDATA[]]>
              </value>
            </param>
          </params>
          <reporter-output>
          </reporter-output>
        </test-method> <!-- signUpFailled -->
        <test-method is-config="true" signature="TakeScreenShotOnFailur(org.testng.ITestResult)[pri:0, instance:tests.SignUpTest@71def8f8]" started-at="2021-09-11T17:00:15 EET" name="TakeScreenShotOnFailur" finished-at="2021-09-11T17:00:15 EET" duration-ms="1" status="PASS">
          <params>
            <param index="0">
              <value>
                <![CDATA[[TestResult name=signUpFailled status=SUCCESS method=SignUpTest.signUpFailled(java.lang.String, java.lang.String, java.lang.String, java.lang.String, java.lang.String, java.lang.String, java.lang.String, java.lang.String, java.lang.String, java.lang.String)[pri:2, instance:tests.SignUpTest@71def8f8] output={null}]]]>
              </value>
            </param>
          </params>
          <reporter-output>
          </reporter-output>
        </test-method> <!-- TakeScreenShotOnFailur -->
        <test-method signature="signUpFailled(java.lang.String, java.lang.String, java.lang.String, java.lang.String, java.lang.String, java.lang.String, java.lang.String, java.lang.String, java.lang.String, java.lang.String)[pri:2, instance:tests.SignUpTest@71def8f8]" started-at="2021-09-11T17:00:15 EET" name="signUpFailled" data-provider="DataSheet1" finished-at="2021-09-11T17:00:22 EET" duration-ms="6973" status="PASS">
          <params>
            <param index="0">
              <value>
                <![CDATA[]]>
              </value>
            </param>
            <param index="1">
              <value>
                <![CDATA[]]>
              </value>
            </param>
            <param index="2">
              <value>
                <![CDATA[]]>
              </value>
            </param>
            <param index="3">
              <value>
                <![CDATA[]]>
              </value>
            </param>
            <param index="4">
              <value>
                <![CDATA[]]>
              </value>
            </param>
            <param index="5">
              <value>
                <![CDATA[]]>
              </value>
            </param>
            <param index="6">
              <value>
                <![CDATA[]]>
              </value>
            </param>
            <param index="7">
              <value>
                <![CDATA[Indiana]]>
              </value>
            </param>
            <param index="8">
              <value>
                <![CDATA[]]>
              </value>
            </param>
            <param index="9">
              <value>
                <![CDATA[]]>
              </value>
            </param>
          </params>
          <reporter-output>
          </reporter-output>
        </test-method> <!-- signUpFailled -->
        <test-method is-config="true" signature="TakeScreenShotOnFailur(org.testng.ITestResult)[pri:0, instance:tests.SignUpTest@71def8f8]" started-at="2021-09-11T17:00:22 EET" name="TakeScreenShotOnFailur" finished-at="2021-09-11T17:00:22 EET" duration-ms="0" status="PASS">
          <params>
            <param index="0">
              <value>
                <![CDATA[[TestResult name=signUpFailled status=SUCCESS method=SignUpTest.signUpFailled(java.lang.String, java.lang.String, java.lang.String, java.lang.String, java.lang.String, java.lang.String, java.lang.String, java.lang.String, java.lang.String, java.lang.String)[pri:2, instance:tests.SignUpTest@71def8f8] output={null}]]]>
              </value>
            </param>
          </params>
          <reporter-output>
          </reporter-output>
        </test-method> <!-- TakeScreenShotOnFailur -->
        <test-method signature="signUpFailled(java.lang.String, java.lang.String, java.lang.String, java.lang.String, java.lang.String, java.lang.String, java.lang.String, java.lang.String, java.lang.String, java.lang.String)[pri:2, instance:tests.SignUpTest@71def8f8]" started-at="2021-09-11T17:00:22 EET" name="signUpFailled" data-provider="DataSheet1" finished-at="2021-09-11T17:00:30 EET" duration-ms="8536" status="PASS">
          <params>
            <param index="0">
              <value>
                <![CDATA[]]>
              </value>
            </param>
            <param index="1">
              <value>
                <![CDATA[]]>
              </value>
            </param>
            <param index="2">
              <value>
                <![CDATA[]]>
              </value>
            </param>
            <param index="3">
              <value>
                <![CDATA[]]>
              </value>
            </param>
            <param index="4">
              <value>
                <![CDATA[]]>
              </value>
            </param>
            <param index="5">
              <value>
                <![CDATA[]]>
              </value>
            </param>
            <param index="6">
              <value>
                <![CDATA[]]>
              </value>
            </param>
            <param index="7">
              <value>
                <![CDATA[Louisiana]]>
              </value>
            </param>
            <param index="8">
              <value>
                <![CDATA[]]>
              </value>
            </param>
            <param index="9">
              <value>
                <![CDATA[]]>
              </value>
            </param>
          </params>
          <reporter-output>
          </reporter-output>
        </test-method> <!-- signUpFailled -->
        <test-method is-config="true" signature="TakeScreenShotOnFailur(org.testng.ITestResult)[pri:0, instance:tests.SignUpTest@71def8f8]" started-at="2021-09-11T17:00:30 EET" name="TakeScreenShotOnFailur" finished-at="2021-09-11T17:00:30 EET" duration-ms="0" status="PASS">
          <params>
            <param index="0">
              <value>
                <![CDATA[[TestResult name=signUpFailled status=SUCCESS method=SignUpTest.signUpFailled(java.lang.String, java.lang.String, java.lang.String, java.lang.String, java.lang.String, java.lang.String, java.lang.String, java.lang.String, java.lang.String, java.lang.String)[pri:2, instance:tests.SignUpTest@71def8f8] output={null}]]]>
              </value>
            </param>
          </params>
          <reporter-output>
          </reporter-output>
        </test-method> <!-- TakeScreenShotOnFailur -->
        <test-method is-config="true" signature="stopDriver()[pri:0, instance:tests.SignUpTest@71def8f8]" started-at="2021-09-11T17:00:30 EET" name="stopDriver" finished-at="2021-09-11T17:00:30 EET" duration-ms="253" status="PASS">
          <reporter-output>
          </reporter-output>
        </test-method> <!-- stopDriver -->
      </class> <!-- tests.SignUpTest -->
    </test> <!-- Test -->
  </suite> <!-- Suite -->
</testng-results>
